<?xml version="1.0" encoding="UTF-8"?>
<!-- Generated by org.testng.reporters.JUnitReportReporter -->
<testsuite hostname="DESKTOP-L8VPHJS" failures="1" tests="1" name="runners.RerunRunner" time="8.129" errors="0" timestamp="2023-03-08T17:16:35 IST" skipped="0">
  <testcase classname="runners.RerunRunner" name="runScenario" time="8.129">
    <failure message="expected [Selenium Tutorial - Google Search Page] but found [Selenium Tutorial - Google Search]" type="java.lang.AssertionError">
      <![CDATA[java.lang.AssertionError: expected [Selenium Tutorial - Google Search Page] but found [Selenium Tutorial - Google Search]
at org.testng.Assert.fail(Assert.java:110)
at org.testng.Assert.failNotEquals(Assert.java:1413)
at org.testng.Assert.assertEqualsImpl(Assert.java:149)
at org.testng.Assert.assertEquals(Assert.java:131)
at org.testng.Assert.assertEquals(Assert.java:655)
at org.testng.Assert.assertEquals(Assert.java:665)
at stepDefs.GoogleStepDef.should_display_selenium_search_result_page(GoogleStepDef.java:45)
at âœ½.Should display Selenium Search result page(file:///F:/Anandhi/workspace/seleniumWorkspace/Nov2022WS/BDDSamplesB31/src/test/resources/features/GooglePageSearch.feature:11)
]]>
    </failure>
  </testcase> <!-- runScenario -->
  <system-out/>
</testsuite> <!-- runners.RerunRunner -->
